<?xml version="1.0" encoding="UTF-8"?>
<robot generator="Robot 4.0.3 (Python 3.9.5 on win32)" generated="20210824 17:07:34.075" rpa="false" schemaversion="2">
<suite id="s1" name="TC 001 Invalid login" source="C:\Users\843974\PycharmProjects\PyRobot\TestCases\WebTestCases\TC_001_Invalid_login.robot">
<test id="s1-t1" name="Right user empty pass">
<kw name="Start Website and Maximize" library="SeleniumKeywords" type="SETUP">
<kw name="Create Webdriver" library="SeleniumLibrary">
<arg>${Browser}</arg>
<arg>executable_path=${executable_path}</arg>
<doc>Creates an instance of Selenium WebDriver.</doc>
<msg timestamp="20210824 17:07:40.404" level="INFO">Creating an instance of the Chrome WebDriver.</msg>
<kw name="Capture Page Screenshot" library="SeleniumLibrary">
<doc>Takes a screenshot of the current page and embeds it into a log file.</doc>
<msg timestamp="20210824 17:07:40.604" level="INFO">Cannot capture screenshot because no browser is open.</msg>
<status status="PASS" starttime="20210824 17:07:40.604" endtime="20210824 17:07:40.604"/>
</kw>
<msg timestamp="20210824 17:07:40.612" level="FAIL">WebDriverException: Message: 'chromedriver.exe' executable needs to be in PATH. Please see https://sites.google.com/a/chromium.org/chromedriver/home
</msg>
<status status="FAIL" starttime="20210824 17:07:40.404" endtime="20210824 17:07:40.612"/>
</kw>
<kw name="Go To" library="SeleniumLibrary">
<arg>${domain}</arg>
<doc>Navigates the current browser window to the provided ``url``.</doc>
<status status="NOT RUN" starttime="20210824 17:07:40.612" endtime="20210824 17:07:40.612"/>
</kw>
<kw name="Maximize Browser Window" library="SeleniumLibrary">
<doc>Maximizes current browser window.</doc>
<status status="NOT RUN" starttime="20210824 17:07:40.612" endtime="20210824 17:07:40.612"/>
</kw>
<kw name="Set Selenium Implicit Wait" library="SeleniumLibrary">
<arg>5 seconds</arg>
<doc>Sets the implicit wait value used by Selenium.</doc>
<status status="NOT RUN" starttime="20210824 17:07:40.613" endtime="20210824 17:07:40.613"/>
</kw>
<status status="FAIL" starttime="20210824 17:07:40.403" endtime="20210824 17:07:40.613"/>
</kw>
<kw name="Close Browser Window" library="SeleniumKeywords" type="TEARDOWN">
<kw name="Close All Browsers" library="SeleniumLibrary">
<doc>Closes all open browsers and resets the browser cache.</doc>
<status status="PASS" starttime="20210824 17:07:40.614" endtime="20210824 17:07:40.615"/>
</kw>
<status status="PASS" starttime="20210824 17:07:40.614" endtime="20210824 17:07:40.615"/>
</kw>
<status status="FAIL" starttime="20210824 17:07:40.402" endtime="20210824 17:07:40.615">Setup failed:
WebDriverException: Message: 'chromedriver.exe' executable needs to be in PATH. Please see https://sites.google.com/a/chromium.org/chromedriver/home
</status>
</test>
<test id="s1-t2" name="Right user wrong pass">
<kw name="Start Website and Maximize" library="SeleniumKeywords" type="SETUP">
<kw name="Create Webdriver" library="SeleniumLibrary">
<arg>${Browser}</arg>
<arg>executable_path=${executable_path}</arg>
<doc>Creates an instance of Selenium WebDriver.</doc>
<msg timestamp="20210824 17:07:40.619" level="INFO">Creating an instance of the Chrome WebDriver.</msg>
<kw name="Capture Page Screenshot" library="SeleniumLibrary">
<doc>Takes a screenshot of the current page and embeds it into a log file.</doc>
<msg timestamp="20210824 17:07:40.621" level="INFO">Cannot capture screenshot because no browser is open.</msg>
<status status="PASS" starttime="20210824 17:07:40.620" endtime="20210824 17:07:40.621"/>
</kw>
<msg timestamp="20210824 17:07:40.624" level="FAIL">WebDriverException: Message: 'chromedriver.exe' executable needs to be in PATH. Please see https://sites.google.com/a/chromium.org/chromedriver/home
</msg>
<status status="FAIL" starttime="20210824 17:07:40.618" endtime="20210824 17:07:40.624"/>
</kw>
<kw name="Go To" library="SeleniumLibrary">
<arg>${domain}</arg>
<doc>Navigates the current browser window to the provided ``url``.</doc>
<status status="NOT RUN" starttime="20210824 17:07:40.625" endtime="20210824 17:07:40.625"/>
</kw>
<kw name="Maximize Browser Window" library="SeleniumLibrary">
<doc>Maximizes current browser window.</doc>
<status status="NOT RUN" starttime="20210824 17:07:40.625" endtime="20210824 17:07:40.625"/>
</kw>
<kw name="Set Selenium Implicit Wait" library="SeleniumLibrary">
<arg>5 seconds</arg>
<doc>Sets the implicit wait value used by Selenium.</doc>
<status status="NOT RUN" starttime="20210824 17:07:40.625" endtime="20210824 17:07:40.625"/>
</kw>
<status status="FAIL" starttime="20210824 17:07:40.618" endtime="20210824 17:07:40.625"/>
</kw>
<kw name="Close Browser Window" library="SeleniumKeywords" type="TEARDOWN">
<kw name="Close All Browsers" library="SeleniumLibrary">
<doc>Closes all open browsers and resets the browser cache.</doc>
<status status="PASS" starttime="20210824 17:07:40.627" endtime="20210824 17:07:40.628"/>
</kw>
<status status="PASS" starttime="20210824 17:07:40.626" endtime="20210824 17:07:40.628"/>
</kw>
<status status="FAIL" starttime="20210824 17:07:40.617" endtime="20210824 17:07:40.629">Setup failed:
WebDriverException: Message: 'chromedriver.exe' executable needs to be in PATH. Please see https://sites.google.com/a/chromium.org/chromedriver/home
</status>
</test>
<test id="s1-t3" name="Empty user right pass">
<kw name="Start Website and Maximize" library="SeleniumKeywords" type="SETUP">
<kw name="Create Webdriver" library="SeleniumLibrary">
<arg>${Browser}</arg>
<arg>executable_path=${executable_path}</arg>
<doc>Creates an instance of Selenium WebDriver.</doc>
<msg timestamp="20210824 17:07:40.633" level="INFO">Creating an instance of the Chrome WebDriver.</msg>
<kw name="Capture Page Screenshot" library="SeleniumLibrary">
<doc>Takes a screenshot of the current page and embeds it into a log file.</doc>
<msg timestamp="20210824 17:07:40.635" level="INFO">Cannot capture screenshot because no browser is open.</msg>
<status status="PASS" starttime="20210824 17:07:40.635" endtime="20210824 17:07:40.635"/>
</kw>
<msg timestamp="20210824 17:07:40.638" level="FAIL">WebDriverException: Message: 'chromedriver.exe' executable needs to be in PATH. Please see https://sites.google.com/a/chromium.org/chromedriver/home
</msg>
<status status="FAIL" starttime="20210824 17:07:40.632" endtime="20210824 17:07:40.638"/>
</kw>
<kw name="Go To" library="SeleniumLibrary">
<arg>${domain}</arg>
<doc>Navigates the current browser window to the provided ``url``.</doc>
<status status="NOT RUN" starttime="20210824 17:07:40.639" endtime="20210824 17:07:40.639"/>
</kw>
<kw name="Maximize Browser Window" library="SeleniumLibrary">
<doc>Maximizes current browser window.</doc>
<status status="NOT RUN" starttime="20210824 17:07:40.639" endtime="20210824 17:07:40.639"/>
</kw>
<kw name="Set Selenium Implicit Wait" library="SeleniumLibrary">
<arg>5 seconds</arg>
<doc>Sets the implicit wait value used by Selenium.</doc>
<status status="NOT RUN" starttime="20210824 17:07:40.639" endtime="20210824 17:07:40.639"/>
</kw>
<status status="FAIL" starttime="20210824 17:07:40.632" endtime="20210824 17:07:40.640"/>
</kw>
<kw name="Close Browser Window" library="SeleniumKeywords" type="TEARDOWN">
<kw name="Close All Browsers" library="SeleniumLibrary">
<doc>Closes all open browsers and resets the browser cache.</doc>
<status status="PASS" starttime="20210824 17:07:40.642" endtime="20210824 17:07:40.642"/>
</kw>
<status status="PASS" starttime="20210824 17:07:40.641" endtime="20210824 17:07:40.643"/>
</kw>
<status status="FAIL" starttime="20210824 17:07:40.631" endtime="20210824 17:07:40.643">Setup failed:
WebDriverException: Message: 'chromedriver.exe' executable needs to be in PATH. Please see https://sites.google.com/a/chromium.org/chromedriver/home
</status>
</test>
<test id="s1-t4" name="Empty user empty pass">
<kw name="Start Website and Maximize" library="SeleniumKeywords" type="SETUP">
<kw name="Create Webdriver" library="SeleniumLibrary">
<arg>${Browser}</arg>
<arg>executable_path=${executable_path}</arg>
<doc>Creates an instance of Selenium WebDriver.</doc>
<msg timestamp="20210824 17:07:40.647" level="INFO">Creating an instance of the Chrome WebDriver.</msg>
<kw name="Capture Page Screenshot" library="SeleniumLibrary">
<doc>Takes a screenshot of the current page and embeds it into a log file.</doc>
<msg timestamp="20210824 17:07:40.651" level="INFO">Cannot capture screenshot because no browser is open.</msg>
<status status="PASS" starttime="20210824 17:07:40.650" endtime="20210824 17:07:40.651"/>
</kw>
<msg timestamp="20210824 17:07:40.655" level="FAIL">WebDriverException: Message: 'chromedriver.exe' executable needs to be in PATH. Please see https://sites.google.com/a/chromium.org/chromedriver/home
</msg>
<status status="FAIL" starttime="20210824 17:07:40.646" endtime="20210824 17:07:40.655"/>
</kw>
<kw name="Go To" library="SeleniumLibrary">
<arg>${domain}</arg>
<doc>Navigates the current browser window to the provided ``url``.</doc>
<status status="NOT RUN" starttime="20210824 17:07:40.655" endtime="20210824 17:07:40.655"/>
</kw>
<kw name="Maximize Browser Window" library="SeleniumLibrary">
<doc>Maximizes current browser window.</doc>
<status status="NOT RUN" starttime="20210824 17:07:40.655" endtime="20210824 17:07:40.655"/>
</kw>
<kw name="Set Selenium Implicit Wait" library="SeleniumLibrary">
<arg>5 seconds</arg>
<doc>Sets the implicit wait value used by Selenium.</doc>
<status status="NOT RUN" starttime="20210824 17:07:40.655" endtime="20210824 17:07:40.656"/>
</kw>
<status status="FAIL" starttime="20210824 17:07:40.646" endtime="20210824 17:07:40.656"/>
</kw>
<kw name="Close Browser Window" library="SeleniumKeywords" type="TEARDOWN">
<kw name="Close All Browsers" library="SeleniumLibrary">
<doc>Closes all open browsers and resets the browser cache.</doc>
<status status="PASS" starttime="20210824 17:07:40.657" endtime="20210824 17:07:40.657"/>
</kw>
<status status="PASS" starttime="20210824 17:07:40.656" endtime="20210824 17:07:40.657"/>
</kw>
<status status="FAIL" starttime="20210824 17:07:40.645" endtime="20210824 17:07:40.658">Setup failed:
WebDriverException: Message: 'chromedriver.exe' executable needs to be in PATH. Please see https://sites.google.com/a/chromium.org/chromedriver/home
</status>
</test>
<test id="s1-t5" name="Empty user wrong pass">
<kw name="Start Website and Maximize" library="SeleniumKeywords" type="SETUP">
<kw name="Create Webdriver" library="SeleniumLibrary">
<arg>${Browser}</arg>
<arg>executable_path=${executable_path}</arg>
<doc>Creates an instance of Selenium WebDriver.</doc>
<msg timestamp="20210824 17:07:40.663" level="INFO">Creating an instance of the Chrome WebDriver.</msg>
<kw name="Capture Page Screenshot" library="SeleniumLibrary">
<doc>Takes a screenshot of the current page and embeds it into a log file.</doc>
<msg timestamp="20210824 17:07:40.666" level="INFO">Cannot capture screenshot because no browser is open.</msg>
<status status="PASS" starttime="20210824 17:07:40.666" endtime="20210824 17:07:40.666"/>
</kw>
<msg timestamp="20210824 17:07:40.671" level="FAIL">WebDriverException: Message: 'chromedriver.exe' executable needs to be in PATH. Please see https://sites.google.com/a/chromium.org/chromedriver/home
</msg>
<status status="FAIL" starttime="20210824 17:07:40.663" endtime="20210824 17:07:40.671"/>
</kw>
<kw name="Go To" library="SeleniumLibrary">
<arg>${domain}</arg>
<doc>Navigates the current browser window to the provided ``url``.</doc>
<status status="NOT RUN" starttime="20210824 17:07:40.671" endtime="20210824 17:07:40.671"/>
</kw>
<kw name="Maximize Browser Window" library="SeleniumLibrary">
<doc>Maximizes current browser window.</doc>
<status status="NOT RUN" starttime="20210824 17:07:40.671" endtime="20210824 17:07:40.671"/>
</kw>
<kw name="Set Selenium Implicit Wait" library="SeleniumLibrary">
<arg>5 seconds</arg>
<doc>Sets the implicit wait value used by Selenium.</doc>
<status status="NOT RUN" starttime="20210824 17:07:40.672" endtime="20210824 17:07:40.672"/>
</kw>
<status status="FAIL" starttime="20210824 17:07:40.662" endtime="20210824 17:07:40.672"/>
</kw>
<kw name="Close Browser Window" library="SeleniumKeywords" type="TEARDOWN">
<kw name="Close All Browsers" library="SeleniumLibrary">
<doc>Closes all open browsers and resets the browser cache.</doc>
<status status="PASS" starttime="20210824 17:07:40.674" endtime="20210824 17:07:40.675"/>
</kw>
<status status="PASS" starttime="20210824 17:07:40.673" endtime="20210824 17:07:40.676"/>
</kw>
<status status="FAIL" starttime="20210824 17:07:40.660" endtime="20210824 17:07:40.676">Setup failed:
WebDriverException: Message: 'chromedriver.exe' executable needs to be in PATH. Please see https://sites.google.com/a/chromium.org/chromedriver/home
</status>
</test>
<test id="s1-t6" name="Wrong user right pass">
<kw name="Start Website and Maximize" library="SeleniumKeywords" type="SETUP">
<kw name="Create Webdriver" library="SeleniumLibrary">
<arg>${Browser}</arg>
<arg>executable_path=${executable_path}</arg>
<doc>Creates an instance of Selenium WebDriver.</doc>
<msg timestamp="20210824 17:07:40.681" level="INFO">Creating an instance of the Chrome WebDriver.</msg>
<kw name="Capture Page Screenshot" library="SeleniumLibrary">
<doc>Takes a screenshot of the current page and embeds it into a log file.</doc>
<msg timestamp="20210824 17:07:40.683" level="INFO">Cannot capture screenshot because no browser is open.</msg>
<status status="PASS" starttime="20210824 17:07:40.683" endtime="20210824 17:07:40.684"/>
</kw>
<msg timestamp="20210824 17:07:40.686" level="FAIL">WebDriverException: Message: 'chromedriver.exe' executable needs to be in PATH. Please see https://sites.google.com/a/chromium.org/chromedriver/home
</msg>
<status status="FAIL" starttime="20210824 17:07:40.680" endtime="20210824 17:07:40.687"/>
</kw>
<kw name="Go To" library="SeleniumLibrary">
<arg>${domain}</arg>
<doc>Navigates the current browser window to the provided ``url``.</doc>
<status status="NOT RUN" starttime="20210824 17:07:40.687" endtime="20210824 17:07:40.687"/>
</kw>
<kw name="Maximize Browser Window" library="SeleniumLibrary">
<doc>Maximizes current browser window.</doc>
<status status="NOT RUN" starttime="20210824 17:07:40.687" endtime="20210824 17:07:40.687"/>
</kw>
<kw name="Set Selenium Implicit Wait" library="SeleniumLibrary">
<arg>5 seconds</arg>
<doc>Sets the implicit wait value used by Selenium.</doc>
<status status="NOT RUN" starttime="20210824 17:07:40.688" endtime="20210824 17:07:40.688"/>
</kw>
<status status="FAIL" starttime="20210824 17:07:40.679" endtime="20210824 17:07:40.688"/>
</kw>
<kw name="Close Browser Window" library="SeleniumKeywords" type="TEARDOWN">
<kw name="Close All Browsers" library="SeleniumLibrary">
<doc>Closes all open browsers and resets the browser cache.</doc>
<status status="PASS" starttime="20210824 17:07:40.689" endtime="20210824 17:07:40.690"/>
</kw>
<status status="PASS" starttime="20210824 17:07:40.689" endtime="20210824 17:07:40.690"/>
</kw>
<status status="FAIL" starttime="20210824 17:07:40.678" endtime="20210824 17:07:40.691">Setup failed:
WebDriverException: Message: 'chromedriver.exe' executable needs to be in PATH. Please see https://sites.google.com/a/chromium.org/chromedriver/home
</status>
</test>
<test id="s1-t7" name="Wrong user empty pass">
<kw name="Start Website and Maximize" library="SeleniumKeywords" type="SETUP">
<kw name="Create Webdriver" library="SeleniumLibrary">
<arg>${Browser}</arg>
<arg>executable_path=${executable_path}</arg>
<doc>Creates an instance of Selenium WebDriver.</doc>
<msg timestamp="20210824 17:07:40.696" level="INFO">Creating an instance of the Chrome WebDriver.</msg>
<kw name="Capture Page Screenshot" library="SeleniumLibrary">
<doc>Takes a screenshot of the current page and embeds it into a log file.</doc>
<msg timestamp="20210824 17:07:40.698" level="INFO">Cannot capture screenshot because no browser is open.</msg>
<status status="PASS" starttime="20210824 17:07:40.698" endtime="20210824 17:07:40.698"/>
</kw>
<msg timestamp="20210824 17:07:40.701" level="FAIL">WebDriverException: Message: 'chromedriver.exe' executable needs to be in PATH. Please see https://sites.google.com/a/chromium.org/chromedriver/home
</msg>
<status status="FAIL" starttime="20210824 17:07:40.695" endtime="20210824 17:07:40.702"/>
</kw>
<kw name="Go To" library="SeleniumLibrary">
<arg>${domain}</arg>
<doc>Navigates the current browser window to the provided ``url``.</doc>
<status status="NOT RUN" starttime="20210824 17:07:40.702" endtime="20210824 17:07:40.702"/>
</kw>
<kw name="Maximize Browser Window" library="SeleniumLibrary">
<doc>Maximizes current browser window.</doc>
<status status="NOT RUN" starttime="20210824 17:07:40.702" endtime="20210824 17:07:40.702"/>
</kw>
<kw name="Set Selenium Implicit Wait" library="SeleniumLibrary">
<arg>5 seconds</arg>
<doc>Sets the implicit wait value used by Selenium.</doc>
<status status="NOT RUN" starttime="20210824 17:07:40.703" endtime="20210824 17:07:40.703"/>
</kw>
<status status="FAIL" starttime="20210824 17:07:40.694" endtime="20210824 17:07:40.703"/>
</kw>
<kw name="Close Browser Window" library="SeleniumKeywords" type="TEARDOWN">
<kw name="Close All Browsers" library="SeleniumLibrary">
<doc>Closes all open browsers and resets the browser cache.</doc>
<status status="PASS" starttime="20210824 17:07:40.704" endtime="20210824 17:07:40.704"/>
</kw>
<status status="PASS" starttime="20210824 17:07:40.704" endtime="20210824 17:07:40.705"/>
</kw>
<status status="FAIL" starttime="20210824 17:07:40.693" endtime="20210824 17:07:40.705">Setup failed:
WebDriverException: Message: 'chromedriver.exe' executable needs to be in PATH. Please see https://sites.google.com/a/chromium.org/chromedriver/home
</status>
</test>
<test id="s1-t8" name="Wrong user wrong pass">
<kw name="Start Website and Maximize" library="SeleniumKeywords" type="SETUP">
<kw name="Create Webdriver" library="SeleniumLibrary">
<arg>${Browser}</arg>
<arg>executable_path=${executable_path}</arg>
<doc>Creates an instance of Selenium WebDriver.</doc>
<msg timestamp="20210824 17:07:40.711" level="INFO">Creating an instance of the Chrome WebDriver.</msg>
<kw name="Capture Page Screenshot" library="SeleniumLibrary">
<doc>Takes a screenshot of the current page and embeds it into a log file.</doc>
<msg timestamp="20210824 17:07:40.714" level="INFO">Cannot capture screenshot because no browser is open.</msg>
<status status="PASS" starttime="20210824 17:07:40.713" endtime="20210824 17:07:40.714"/>
</kw>
<msg timestamp="20210824 17:07:40.717" level="FAIL">WebDriverException: Message: 'chromedriver.exe' executable needs to be in PATH. Please see https://sites.google.com/a/chromium.org/chromedriver/home
</msg>
<status status="FAIL" starttime="20210824 17:07:40.710" endtime="20210824 17:07:40.718"/>
</kw>
<kw name="Go To" library="SeleniumLibrary">
<arg>${domain}</arg>
<doc>Navigates the current browser window to the provided ``url``.</doc>
<status status="NOT RUN" starttime="20210824 17:07:40.718" endtime="20210824 17:07:40.718"/>
</kw>
<kw name="Maximize Browser Window" library="SeleniumLibrary">
<doc>Maximizes current browser window.</doc>
<status status="NOT RUN" starttime="20210824 17:07:40.718" endtime="20210824 17:07:40.719"/>
</kw>
<kw name="Set Selenium Implicit Wait" library="SeleniumLibrary">
<arg>5 seconds</arg>
<doc>Sets the implicit wait value used by Selenium.</doc>
<status status="NOT RUN" starttime="20210824 17:07:40.719" endtime="20210824 17:07:40.719"/>
</kw>
<status status="FAIL" starttime="20210824 17:07:40.710" endtime="20210824 17:07:40.719"/>
</kw>
<kw name="Close Browser Window" library="SeleniumKeywords" type="TEARDOWN">
<kw name="Close All Browsers" library="SeleniumLibrary">
<doc>Closes all open browsers and resets the browser cache.</doc>
<status status="PASS" starttime="20210824 17:07:40.721" endtime="20210824 17:07:40.721"/>
</kw>
<status status="PASS" starttime="20210824 17:07:40.720" endtime="20210824 17:07:40.722"/>
</kw>
<status status="FAIL" starttime="20210824 17:07:40.708" endtime="20210824 17:07:40.722">Setup failed:
WebDriverException: Message: 'chromedriver.exe' executable needs to be in PATH. Please see https://sites.google.com/a/chromium.org/chromedriver/home
</status>
</test>
<status status="FAIL" starttime="20210824 17:07:34.092" endtime="20210824 17:07:40.724"/>
</suite>
<statistics>
<total>
<stat pass="0" fail="8" skip="0">All Tests</stat>
</total>
<tag>
</tag>
<suite>
<stat pass="0" fail="8" skip="0" id="s1" name="TC 001 Invalid login">TC 001 Invalid login</stat>
</suite>
</statistics>
<errors>
</errors>
</robot>
