<?xml version="1.0" encoding="UTF-8"?>
<robot generator="Robot 4.0.3 (Python 3.9.5 on win32)" generated="20210824 17:06:20.040" rpa="false" schemaversion="2">
<suite id="s1" name="WebTestCases" source="C:\Users\843974\PycharmProjects\PyRobot\TestCases\WebTestCases">
<suite id="s1-s1" name="SeleniumEasyDataDriver" source="C:\Users\843974\PycharmProjects\PyRobot\TestCases\WebTestCases\SeleniumEasyDataDriver.robot">
<test id="s1-s1-t1" name="Testing the Input Form of Selenium Easy Website">
<kw name="Start Browser and Maximize" library="SeleniumKeywords" type="SETUP">
<kw name="Open Browser" library="SeleniumLibrary">
<arg>${URL}</arg>
<arg>${Browser}</arg>
<arg>executable_path=${executable_path}</arg>
<doc>Opens a new browser instance to the optional ``url``.</doc>
<msg timestamp="20210824 17:06:45.621" level="INFO">Opening browser 'Chrome' to base url 'https://www.seleniumeasy.com/test/'.</msg>
<kw name="Capture Page Screenshot" library="SeleniumLibrary">
<doc>Takes a screenshot of the current page and embeds it into a log file.</doc>
<msg timestamp="20210824 17:06:45.632" level="INFO">Cannot capture screenshot because no browser is open.</msg>
<status status="PASS" starttime="20210824 17:06:45.632" endtime="20210824 17:06:45.632"/>
</kw>
<msg timestamp="20210824 17:06:45.713" level="FAIL">WebDriverException: Message: 'chromedriver.exe' executable needs to be in PATH. Please see https://sites.google.com/a/chromium.org/chromedriver/home
</msg>
<status status="FAIL" starttime="20210824 17:06:45.610" endtime="20210824 17:06:45.713"/>
</kw>
<kw name="Maximize Browser Window" library="SeleniumLibrary">
<doc>Maximizes current browser window.</doc>
<status status="NOT RUN" starttime="20210824 17:06:45.714" endtime="20210824 17:06:45.715"/>
</kw>
<kw name="Set Selenium Implicit Wait" library="SeleniumLibrary">
<arg>5 seconds</arg>
<doc>Sets the implicit wait value used by Selenium.</doc>
<status status="NOT RUN" starttime="20210824 17:06:45.715" endtime="20210824 17:06:45.717"/>
</kw>
<kw name="Set Selenium Speed" library="SeleniumLibrary">
<arg>0.3</arg>
<doc>Sets the delay that is waited after each Selenium command.</doc>
<status status="NOT RUN" starttime="20210824 17:06:45.718" endtime="20210824 17:06:45.719"/>
</kw>
<status status="FAIL" starttime="20210824 17:06:45.600" endtime="20210824 17:06:45.719"/>
</kw>
<kw name="Close Browser Window" library="SeleniumKeywords" type="TEARDOWN">
<kw name="Close All Browsers" library="SeleniumLibrary">
<doc>Closes all open browsers and resets the browser cache.</doc>
<status status="PASS" starttime="20210824 17:06:45.721" endtime="20210824 17:06:45.723"/>
</kw>
<status status="PASS" starttime="20210824 17:06:45.720" endtime="20210824 17:06:45.723"/>
</kw>
<status status="FAIL" starttime="20210824 17:06:45.597" endtime="20210824 17:06:45.723">Setup failed:
WebDriverException: Message: 'chromedriver.exe' executable needs to be in PATH. Please see https://sites.google.com/a/chromium.org/chromedriver/home
</status>
</test>
<test id="s1-s1-t2" name="Testing the Input Form of Selenium Easy Website">
<kw name="Start Browser and Maximize" library="SeleniumKeywords" type="SETUP">
<kw name="Open Browser" library="SeleniumLibrary">
<arg>${URL}</arg>
<arg>${Browser}</arg>
<arg>executable_path=${executable_path}</arg>
<doc>Opens a new browser instance to the optional ``url``.</doc>
<msg timestamp="20210824 17:06:45.734" level="INFO">Opening browser 'Chrome' to base url 'https://www.seleniumeasy.com/test/'.</msg>
<kw name="Capture Page Screenshot" library="SeleniumLibrary">
<doc>Takes a screenshot of the current page and embeds it into a log file.</doc>
<msg timestamp="20210824 17:06:45.737" level="INFO">Cannot capture screenshot because no browser is open.</msg>
<status status="PASS" starttime="20210824 17:06:45.737" endtime="20210824 17:06:45.737"/>
</kw>
<msg timestamp="20210824 17:06:45.742" level="FAIL">WebDriverException: Message: 'chromedriver.exe' executable needs to be in PATH. Please see https://sites.google.com/a/chromium.org/chromedriver/home
</msg>
<status status="FAIL" starttime="20210824 17:06:45.732" endtime="20210824 17:06:45.742"/>
</kw>
<kw name="Maximize Browser Window" library="SeleniumLibrary">
<doc>Maximizes current browser window.</doc>
<status status="NOT RUN" starttime="20210824 17:06:45.742" endtime="20210824 17:06:45.743"/>
</kw>
<kw name="Set Selenium Implicit Wait" library="SeleniumLibrary">
<arg>5 seconds</arg>
<doc>Sets the implicit wait value used by Selenium.</doc>
<status status="NOT RUN" starttime="20210824 17:06:45.743" endtime="20210824 17:06:45.743"/>
</kw>
<kw name="Set Selenium Speed" library="SeleniumLibrary">
<arg>0.3</arg>
<doc>Sets the delay that is waited after each Selenium command.</doc>
<status status="NOT RUN" starttime="20210824 17:06:45.744" endtime="20210824 17:06:45.744"/>
</kw>
<status status="FAIL" starttime="20210824 17:06:45.731" endtime="20210824 17:06:45.744"/>
</kw>
<kw name="Close Browser Window" library="SeleniumKeywords" type="TEARDOWN">
<kw name="Close All Browsers" library="SeleniumLibrary">
<doc>Closes all open browsers and resets the browser cache.</doc>
<status status="PASS" starttime="20210824 17:06:45.746" endtime="20210824 17:06:45.748"/>
</kw>
<status status="PASS" starttime="20210824 17:06:45.745" endtime="20210824 17:06:45.748"/>
</kw>
<status status="FAIL" starttime="20210824 17:06:45.726" endtime="20210824 17:06:45.748">Setup failed:
WebDriverException: Message: 'chromedriver.exe' executable needs to be in PATH. Please see https://sites.google.com/a/chromium.org/chromedriver/home
</status>
</test>
<test id="s1-s1-t3" name="Testing the Input Form of Selenium Easy Website">
<kw name="Start Browser and Maximize" library="SeleniumKeywords" type="SETUP">
<kw name="Open Browser" library="SeleniumLibrary">
<arg>${URL}</arg>
<arg>${Browser}</arg>
<arg>executable_path=${executable_path}</arg>
<doc>Opens a new browser instance to the optional ``url``.</doc>
<msg timestamp="20210824 17:06:45.756" level="INFO">Opening browser 'Chrome' to base url 'https://www.seleniumeasy.com/test/'.</msg>
<kw name="Capture Page Screenshot" library="SeleniumLibrary">
<doc>Takes a screenshot of the current page and embeds it into a log file.</doc>
<msg timestamp="20210824 17:06:45.758" level="INFO">Cannot capture screenshot because no browser is open.</msg>
<status status="PASS" starttime="20210824 17:06:45.757" endtime="20210824 17:06:45.758"/>
</kw>
<msg timestamp="20210824 17:06:45.762" level="FAIL">WebDriverException: Message: 'chromedriver.exe' executable needs to be in PATH. Please see https://sites.google.com/a/chromium.org/chromedriver/home
</msg>
<status status="FAIL" starttime="20210824 17:06:45.754" endtime="20210824 17:06:45.762"/>
</kw>
<kw name="Maximize Browser Window" library="SeleniumLibrary">
<doc>Maximizes current browser window.</doc>
<status status="NOT RUN" starttime="20210824 17:06:45.763" endtime="20210824 17:06:45.763"/>
</kw>
<kw name="Set Selenium Implicit Wait" library="SeleniumLibrary">
<arg>5 seconds</arg>
<doc>Sets the implicit wait value used by Selenium.</doc>
<status status="NOT RUN" starttime="20210824 17:06:45.764" endtime="20210824 17:06:45.764"/>
</kw>
<kw name="Set Selenium Speed" library="SeleniumLibrary">
<arg>0.3</arg>
<doc>Sets the delay that is waited after each Selenium command.</doc>
<status status="NOT RUN" starttime="20210824 17:06:45.764" endtime="20210824 17:06:45.765"/>
</kw>
<status status="FAIL" starttime="20210824 17:06:45.753" endtime="20210824 17:06:45.765"/>
</kw>
<kw name="Close Browser Window" library="SeleniumKeywords" type="TEARDOWN">
<kw name="Close All Browsers" library="SeleniumLibrary">
<doc>Closes all open browsers and resets the browser cache.</doc>
<status status="PASS" starttime="20210824 17:06:45.767" endtime="20210824 17:06:45.768"/>
</kw>
<status status="PASS" starttime="20210824 17:06:45.766" endtime="20210824 17:06:45.768"/>
</kw>
<status status="FAIL" starttime="20210824 17:06:45.749" endtime="20210824 17:06:45.768">Setup failed:
WebDriverException: Message: 'chromedriver.exe' executable needs to be in PATH. Please see https://sites.google.com/a/chromium.org/chromedriver/home
</status>
</test>
<doc>A test suite with multiple test using Data Driver</doc>
<status status="FAIL" starttime="20210824 17:06:20.581" endtime="20210824 17:06:45.770"/>
</suite>
<status status="FAIL" starttime="20210824 17:06:20.441" endtime="20210824 17:06:45.773"/>
</suite>
<statistics>
<total>
<stat pass="0" fail="3" skip="0">All Tests</stat>
</total>
<tag>
</tag>
<suite>
<stat pass="0" fail="3" skip="0" id="s1" name="WebTestCases">WebTestCases</stat>
<stat pass="0" fail="3" skip="0" id="s1-s1" name="SeleniumEasyDataDriver">WebTestCases.SeleniumEasyDataDriver</stat>
</suite>
</statistics>
<errors>
<msg timestamp="20210824 17:06:45.725" level="WARN">Multiple test cases with name 'Testing the Input Form of Selenium Easy Website' executed in test suite 'WebTestCases.SeleniumEasyDataDriver'.</msg>
<msg timestamp="20210824 17:06:45.749" level="WARN">Multiple test cases with name 'Testing the Input Form of Selenium Easy Website' executed in test suite 'WebTestCases.SeleniumEasyDataDriver'.</msg>
</errors>
</robot>
