<?xml version="1.0" encoding="UTF-8"?>
<robot generator="Robot 4.0.3 (Python 3.9.5 on win32)" generated="20210824 17:06:19.556" rpa="false" schemaversion="2">
<suite id="s1" name="WebTestCases" source="C:\Users\843974\PycharmProjects\PyRobot\TestCases\WebTestCases">
<suite id="s1-s1" name="Addition" source="C:\Users\843974\PycharmProjects\PyRobot\TestCases\WebTestCases\addition.robot">
<test id="s1-s1-t1" name="Testing Input field and button">
<kw name="Evaluate" library="BuiltIn">
<var>${chrome_options}</var>
<arg>sys.modules['selenium.webdriver'].ChromeOptions()</arg>
<arg>sys, selenium.webdriver</arg>
<doc>Evaluates the given expression in Python and returns the result.</doc>
<msg timestamp="20210824 17:06:26.934" level="INFO">${chrome_options} = &lt;selenium.webdriver.chrome.options.Options object at 0x000001C8C2AFFF40&gt;</msg>
<status status="PASS" starttime="20210824 17:06:26.932" endtime="20210824 17:06:26.934"/>
</kw>
<kw name="Call Method" library="BuiltIn">
<arg>${chrome_options}</arg>
<arg>add_argument</arg>
<arg>--no-sandbox</arg>
<doc>Calls the named method of the given object with the provided arguments.</doc>
<status status="PASS" starttime="20210824 17:06:26.934" endtime="20210824 17:06:26.936"/>
</kw>
<kw name="Call Method" library="BuiltIn">
<arg>${chrome_options}</arg>
<arg>add_argument</arg>
<arg>--headless</arg>
<doc>Calls the named method of the given object with the provided arguments.</doc>
<status status="PASS" starttime="20210824 17:06:26.936" endtime="20210824 17:06:26.937"/>
</kw>
<kw name="Open Browser" library="SeleniumLibrary">
<arg>${URL}</arg>
<arg>${Browser}</arg>
<arg>options=${chrome_options}</arg>
<arg>executable_path=${executable_path}</arg>
<doc>Opens a new browser instance to the optional ``url``.</doc>
<msg timestamp="20210824 17:06:26.940" level="INFO">Opening browser 'Chrome' to base url 'https://www.seleniumeasy.com/test/basic-first-form-demo.html'.</msg>
<kw name="Capture Page Screenshot" library="SeleniumLibrary">
<doc>Takes a screenshot of the current page and embeds it into a log file.</doc>
<msg timestamp="20210824 17:06:27.178" level="INFO">Cannot capture screenshot because no browser is open.</msg>
<status status="PASS" starttime="20210824 17:06:27.177" endtime="20210824 17:06:27.178"/>
</kw>
<msg timestamp="20210824 17:06:27.188" level="FAIL">WebDriverException: Message: 'chromedriver.exe' executable needs to be in PATH. Please see https://sites.google.com/a/chromium.org/chromedriver/home
</msg>
<status status="FAIL" starttime="20210824 17:06:26.938" endtime="20210824 17:06:27.188"/>
</kw>
<kw name="Maximize Browser Window" library="SeleniumLibrary">
<doc>Maximizes current browser window.</doc>
<status status="NOT RUN" starttime="20210824 17:06:27.189" endtime="20210824 17:06:27.190"/>
</kw>
<kw name="Set Selenium Implicit Wait" library="SeleniumLibrary">
<arg>5 seconds</arg>
<doc>Sets the implicit wait value used by Selenium.</doc>
<status status="NOT RUN" starttime="20210824 17:06:27.190" endtime="20210824 17:06:27.191"/>
</kw>
<kw name="Wait Until Page Contains Element" library="SeleniumLibrary">
<arg>${popupclose}</arg>
<doc>Waits until the element ``locator`` appears on the current page.</doc>
<status status="NOT RUN" starttime="20210824 17:06:27.191" endtime="20210824 17:06:27.192"/>
</kw>
<kw name="Click Element" library="SeleniumLibrary">
<arg>${popupclose}</arg>
<doc>Click the element identified by ``locator``.</doc>
<status status="NOT RUN" starttime="20210824 17:06:27.192" endtime="20210824 17:06:27.193"/>
</kw>
<kw name="Input Text" library="SeleniumLibrary">
<arg>id:sum1</arg>
<arg>5</arg>
<doc>Types the given ``text`` into the text field identified by ``locator``.</doc>
<status status="NOT RUN" starttime="20210824 17:06:27.193" endtime="20210824 17:06:27.194"/>
</kw>
<kw name="Input Text" library="SeleniumLibrary">
<arg>id:sum2</arg>
<arg>6</arg>
<doc>Types the given ``text`` into the text field identified by ``locator``.</doc>
<status status="NOT RUN" starttime="20210824 17:06:27.195" endtime="20210824 17:06:27.195"/>
</kw>
<kw name="Click Button" library="SeleniumLibrary">
<arg>xpath://button[text()='Get Total']</arg>
<doc>Clicks the button identified by ``locator``.</doc>
<status status="NOT RUN" starttime="20210824 17:06:27.196" endtime="20210824 17:06:27.197"/>
</kw>
<kw name="Element Text Should Be" library="SeleniumLibrary">
<arg>${assertion}</arg>
<arg>11</arg>
<doc>Verifies that element ``locator`` contains exact the text ``expected``.</doc>
<status status="NOT RUN" starttime="20210824 17:06:27.197" endtime="20210824 17:06:27.198"/>
</kw>
<status status="FAIL" starttime="20210824 17:06:26.931" endtime="20210824 17:06:27.198">WebDriverException: Message: 'chromedriver.exe' executable needs to be in PATH. Please see https://sites.google.com/a/chromium.org/chromedriver/home
</status>
</test>
<doc>Testing Addition of two numbers</doc>
<status status="FAIL" starttime="20210824 17:06:20.097" endtime="20210824 17:06:27.201"/>
</suite>
<status status="FAIL" starttime="20210824 17:06:19.967" endtime="20210824 17:06:27.205"/>
</suite>
<statistics>
<total>
<stat pass="0" fail="1" skip="0">All Tests</stat>
</total>
<tag>
</tag>
<suite>
<stat pass="0" fail="1" skip="0" id="s1" name="WebTestCases">WebTestCases</stat>
<stat pass="0" fail="1" skip="0" id="s1-s1" name="Addition">WebTestCases.Addition</stat>
</suite>
</statistics>
<errors>
</errors>
</robot>
