<?xml version="1.0" encoding="UTF-8"?>
<robot generator="Robot 4.0.3 (Python 3.9.5 on win32)" generated="20210824 17:06:19.934" rpa="false" schemaversion="2">
<suite id="s1" name="WebTestCases" source="C:\Users\843974\PycharmProjects\PyRobot\TestCases\WebTestCases">
<suite id="s1-s1" name="TC 001 Invalid login" source="C:\Users\843974\PycharmProjects\PyRobot\TestCases\WebTestCases\TC_001_Invalid_login.robot">
<test id="s1-s1-t1" name="Right user empty pass">
<kw name="Start Website and Maximize" library="SeleniumKeywords" type="SETUP">
<kw name="Create Webdriver" library="SeleniumLibrary">
<arg>${Browser}</arg>
<arg>executable_path=${executable_path}</arg>
<doc>Creates an instance of Selenium WebDriver.</doc>
<msg timestamp="20210824 17:06:26.969" level="INFO">Creating an instance of the Chrome WebDriver.</msg>
<kw name="Capture Page Screenshot" library="SeleniumLibrary">
<doc>Takes a screenshot of the current page and embeds it into a log file.</doc>
<msg timestamp="20210824 17:06:27.198" level="INFO">Cannot capture screenshot because no browser is open.</msg>
<status status="PASS" starttime="20210824 17:06:27.198" endtime="20210824 17:06:27.199"/>
</kw>
<msg timestamp="20210824 17:06:27.210" level="FAIL">WebDriverException: Message: 'chromedriver.exe' executable needs to be in PATH. Please see https://sites.google.com/a/chromium.org/chromedriver/home
</msg>
<status status="FAIL" starttime="20210824 17:06:26.967" endtime="20210824 17:06:27.210"/>
</kw>
<kw name="Go To" library="SeleniumLibrary">
<arg>${domain}</arg>
<doc>Navigates the current browser window to the provided ``url``.</doc>
<status status="NOT RUN" starttime="20210824 17:06:27.210" endtime="20210824 17:06:27.211"/>
</kw>
<kw name="Maximize Browser Window" library="SeleniumLibrary">
<doc>Maximizes current browser window.</doc>
<status status="NOT RUN" starttime="20210824 17:06:27.212" endtime="20210824 17:06:27.212"/>
</kw>
<kw name="Set Selenium Implicit Wait" library="SeleniumLibrary">
<arg>5 seconds</arg>
<doc>Sets the implicit wait value used by Selenium.</doc>
<status status="NOT RUN" starttime="20210824 17:06:27.213" endtime="20210824 17:06:27.213"/>
</kw>
<status status="FAIL" starttime="20210824 17:06:26.966" endtime="20210824 17:06:27.214"/>
</kw>
<kw name="Close Browser Window" library="SeleniumKeywords" type="TEARDOWN">
<kw name="Close All Browsers" library="SeleniumLibrary">
<doc>Closes all open browsers and resets the browser cache.</doc>
<status status="PASS" starttime="20210824 17:06:27.216" endtime="20210824 17:06:27.220"/>
</kw>
<status status="PASS" starttime="20210824 17:06:27.215" endtime="20210824 17:06:27.221"/>
</kw>
<status status="FAIL" starttime="20210824 17:06:26.964" endtime="20210824 17:06:27.221">Setup failed:
WebDriverException: Message: 'chromedriver.exe' executable needs to be in PATH. Please see https://sites.google.com/a/chromium.org/chromedriver/home
</status>
</test>
<test id="s1-s1-t2" name="Right user wrong pass">
<kw name="Start Website and Maximize" library="SeleniumKeywords" type="SETUP">
<kw name="Create Webdriver" library="SeleniumLibrary">
<arg>${Browser}</arg>
<arg>executable_path=${executable_path}</arg>
<doc>Creates an instance of Selenium WebDriver.</doc>
<msg timestamp="20210824 17:06:27.229" level="INFO">Creating an instance of the Chrome WebDriver.</msg>
<kw name="Capture Page Screenshot" library="SeleniumLibrary">
<doc>Takes a screenshot of the current page and embeds it into a log file.</doc>
<msg timestamp="20210824 17:06:27.232" level="INFO">Cannot capture screenshot because no browser is open.</msg>
<status status="PASS" starttime="20210824 17:06:27.231" endtime="20210824 17:06:27.232"/>
</kw>
<msg timestamp="20210824 17:06:27.237" level="FAIL">WebDriverException: Message: 'chromedriver.exe' executable needs to be in PATH. Please see https://sites.google.com/a/chromium.org/chromedriver/home
</msg>
<status status="FAIL" starttime="20210824 17:06:27.227" endtime="20210824 17:06:27.238"/>
</kw>
<kw name="Go To" library="SeleniumLibrary">
<arg>${domain}</arg>
<doc>Navigates the current browser window to the provided ``url``.</doc>
<status status="NOT RUN" starttime="20210824 17:06:27.238" endtime="20210824 17:06:27.239"/>
</kw>
<kw name="Maximize Browser Window" library="SeleniumLibrary">
<doc>Maximizes current browser window.</doc>
<status status="NOT RUN" starttime="20210824 17:06:27.239" endtime="20210824 17:06:27.240"/>
</kw>
<kw name="Set Selenium Implicit Wait" library="SeleniumLibrary">
<arg>5 seconds</arg>
<doc>Sets the implicit wait value used by Selenium.</doc>
<status status="NOT RUN" starttime="20210824 17:06:27.241" endtime="20210824 17:06:27.241"/>
</kw>
<status status="FAIL" starttime="20210824 17:06:27.224" endtime="20210824 17:06:27.242"/>
</kw>
<kw name="Close Browser Window" library="SeleniumKeywords" type="TEARDOWN">
<kw name="Close All Browsers" library="SeleniumLibrary">
<doc>Closes all open browsers and resets the browser cache.</doc>
<status status="PASS" starttime="20210824 17:06:27.246" endtime="20210824 17:06:27.248"/>
</kw>
<status status="PASS" starttime="20210824 17:06:27.243" endtime="20210824 17:06:27.249"/>
</kw>
<status status="FAIL" starttime="20210824 17:06:27.223" endtime="20210824 17:06:27.250">Setup failed:
WebDriverException: Message: 'chromedriver.exe' executable needs to be in PATH. Please see https://sites.google.com/a/chromium.org/chromedriver/home
</status>
</test>
<test id="s1-s1-t3" name="Empty user right pass">
<kw name="Start Website and Maximize" library="SeleniumKeywords" type="SETUP">
<kw name="Create Webdriver" library="SeleniumLibrary">
<arg>${Browser}</arg>
<arg>executable_path=${executable_path}</arg>
<doc>Creates an instance of Selenium WebDriver.</doc>
<msg timestamp="20210824 17:06:27.257" level="INFO">Creating an instance of the Chrome WebDriver.</msg>
<kw name="Capture Page Screenshot" library="SeleniumLibrary">
<doc>Takes a screenshot of the current page and embeds it into a log file.</doc>
<msg timestamp="20210824 17:06:27.260" level="INFO">Cannot capture screenshot because no browser is open.</msg>
<status status="PASS" starttime="20210824 17:06:27.259" endtime="20210824 17:06:27.260"/>
</kw>
<msg timestamp="20210824 17:06:27.265" level="FAIL">WebDriverException: Message: 'chromedriver.exe' executable needs to be in PATH. Please see https://sites.google.com/a/chromium.org/chromedriver/home
</msg>
<status status="FAIL" starttime="20210824 17:06:27.255" endtime="20210824 17:06:27.265"/>
</kw>
<kw name="Go To" library="SeleniumLibrary">
<arg>${domain}</arg>
<doc>Navigates the current browser window to the provided ``url``.</doc>
<status status="NOT RUN" starttime="20210824 17:06:27.265" endtime="20210824 17:06:27.268"/>
</kw>
<kw name="Maximize Browser Window" library="SeleniumLibrary">
<doc>Maximizes current browser window.</doc>
<status status="NOT RUN" starttime="20210824 17:06:27.270" endtime="20210824 17:06:27.271"/>
</kw>
<kw name="Set Selenium Implicit Wait" library="SeleniumLibrary">
<arg>5 seconds</arg>
<doc>Sets the implicit wait value used by Selenium.</doc>
<status status="NOT RUN" starttime="20210824 17:06:27.271" endtime="20210824 17:06:27.272"/>
</kw>
<status status="FAIL" starttime="20210824 17:06:27.253" endtime="20210824 17:06:27.273"/>
</kw>
<kw name="Close Browser Window" library="SeleniumKeywords" type="TEARDOWN">
<kw name="Close All Browsers" library="SeleniumLibrary">
<doc>Closes all open browsers and resets the browser cache.</doc>
<status status="PASS" starttime="20210824 17:06:27.275" endtime="20210824 17:06:27.276"/>
</kw>
<status status="PASS" starttime="20210824 17:06:27.273" endtime="20210824 17:06:27.277"/>
</kw>
<status status="FAIL" starttime="20210824 17:06:27.251" endtime="20210824 17:06:27.277">Setup failed:
WebDriverException: Message: 'chromedriver.exe' executable needs to be in PATH. Please see https://sites.google.com/a/chromium.org/chromedriver/home
</status>
</test>
<test id="s1-s1-t4" name="Empty user empty pass">
<kw name="Start Website and Maximize" library="SeleniumKeywords" type="SETUP">
<kw name="Create Webdriver" library="SeleniumLibrary">
<arg>${Browser}</arg>
<arg>executable_path=${executable_path}</arg>
<doc>Creates an instance of Selenium WebDriver.</doc>
<msg timestamp="20210824 17:06:27.282" level="INFO">Creating an instance of the Chrome WebDriver.</msg>
<kw name="Capture Page Screenshot" library="SeleniumLibrary">
<doc>Takes a screenshot of the current page and embeds it into a log file.</doc>
<msg timestamp="20210824 17:06:27.285" level="INFO">Cannot capture screenshot because no browser is open.</msg>
<status status="PASS" starttime="20210824 17:06:27.284" endtime="20210824 17:06:27.285"/>
</kw>
<msg timestamp="20210824 17:06:27.292" level="FAIL">WebDriverException: Message: 'chromedriver.exe' executable needs to be in PATH. Please see https://sites.google.com/a/chromium.org/chromedriver/home
</msg>
<status status="FAIL" starttime="20210824 17:06:27.281" endtime="20210824 17:06:27.292"/>
</kw>
<kw name="Go To" library="SeleniumLibrary">
<arg>${domain}</arg>
<doc>Navigates the current browser window to the provided ``url``.</doc>
<status status="NOT RUN" starttime="20210824 17:06:27.292" endtime="20210824 17:06:27.293"/>
</kw>
<kw name="Maximize Browser Window" library="SeleniumLibrary">
<doc>Maximizes current browser window.</doc>
<status status="NOT RUN" starttime="20210824 17:06:27.294" endtime="20210824 17:06:27.294"/>
</kw>
<kw name="Set Selenium Implicit Wait" library="SeleniumLibrary">
<arg>5 seconds</arg>
<doc>Sets the implicit wait value used by Selenium.</doc>
<status status="NOT RUN" starttime="20210824 17:06:27.295" endtime="20210824 17:06:27.296"/>
</kw>
<status status="FAIL" starttime="20210824 17:06:27.279" endtime="20210824 17:06:27.297"/>
</kw>
<kw name="Close Browser Window" library="SeleniumKeywords" type="TEARDOWN">
<kw name="Close All Browsers" library="SeleniumLibrary">
<doc>Closes all open browsers and resets the browser cache.</doc>
<status status="PASS" starttime="20210824 17:06:27.299" endtime="20210824 17:06:27.300"/>
</kw>
<status status="PASS" starttime="20210824 17:06:27.297" endtime="20210824 17:06:27.300"/>
</kw>
<status status="FAIL" starttime="20210824 17:06:27.278" endtime="20210824 17:06:27.301">Setup failed:
WebDriverException: Message: 'chromedriver.exe' executable needs to be in PATH. Please see https://sites.google.com/a/chromium.org/chromedriver/home
</status>
</test>
<test id="s1-s1-t5" name="Empty user wrong pass">
<kw name="Start Website and Maximize" library="SeleniumKeywords" type="SETUP">
<kw name="Create Webdriver" library="SeleniumLibrary">
<arg>${Browser}</arg>
<arg>executable_path=${executable_path}</arg>
<doc>Creates an instance of Selenium WebDriver.</doc>
<msg timestamp="20210824 17:06:27.306" level="INFO">Creating an instance of the Chrome WebDriver.</msg>
<kw name="Capture Page Screenshot" library="SeleniumLibrary">
<doc>Takes a screenshot of the current page and embeds it into a log file.</doc>
<msg timestamp="20210824 17:06:27.309" level="INFO">Cannot capture screenshot because no browser is open.</msg>
<status status="PASS" starttime="20210824 17:06:27.308" endtime="20210824 17:06:27.309"/>
</kw>
<msg timestamp="20210824 17:06:27.314" level="FAIL">WebDriverException: Message: 'chromedriver.exe' executable needs to be in PATH. Please see https://sites.google.com/a/chromium.org/chromedriver/home
</msg>
<status status="FAIL" starttime="20210824 17:06:27.305" endtime="20210824 17:06:27.314"/>
</kw>
<kw name="Go To" library="SeleniumLibrary">
<arg>${domain}</arg>
<doc>Navigates the current browser window to the provided ``url``.</doc>
<status status="NOT RUN" starttime="20210824 17:06:27.314" endtime="20210824 17:06:27.315"/>
</kw>
<kw name="Maximize Browser Window" library="SeleniumLibrary">
<doc>Maximizes current browser window.</doc>
<status status="NOT RUN" starttime="20210824 17:06:27.315" endtime="20210824 17:06:27.316"/>
</kw>
<kw name="Set Selenium Implicit Wait" library="SeleniumLibrary">
<arg>5 seconds</arg>
<doc>Sets the implicit wait value used by Selenium.</doc>
<status status="NOT RUN" starttime="20210824 17:06:27.317" endtime="20210824 17:06:27.317"/>
</kw>
<status status="FAIL" starttime="20210824 17:06:27.303" endtime="20210824 17:06:27.318"/>
</kw>
<kw name="Close Browser Window" library="SeleniumKeywords" type="TEARDOWN">
<kw name="Close All Browsers" library="SeleniumLibrary">
<doc>Closes all open browsers and resets the browser cache.</doc>
<status status="PASS" starttime="20210824 17:06:27.320" endtime="20210824 17:06:27.322"/>
</kw>
<status status="PASS" starttime="20210824 17:06:27.319" endtime="20210824 17:06:27.323"/>
</kw>
<status status="FAIL" starttime="20210824 17:06:27.301" endtime="20210824 17:06:27.323">Setup failed:
WebDriverException: Message: 'chromedriver.exe' executable needs to be in PATH. Please see https://sites.google.com/a/chromium.org/chromedriver/home
</status>
</test>
<test id="s1-s1-t6" name="Wrong user right pass">
<kw name="Start Website and Maximize" library="SeleniumKeywords" type="SETUP">
<kw name="Create Webdriver" library="SeleniumLibrary">
<arg>${Browser}</arg>
<arg>executable_path=${executable_path}</arg>
<doc>Creates an instance of Selenium WebDriver.</doc>
<msg timestamp="20210824 17:06:27.329" level="INFO">Creating an instance of the Chrome WebDriver.</msg>
<kw name="Capture Page Screenshot" library="SeleniumLibrary">
<doc>Takes a screenshot of the current page and embeds it into a log file.</doc>
<msg timestamp="20210824 17:06:27.331" level="INFO">Cannot capture screenshot because no browser is open.</msg>
<status status="PASS" starttime="20210824 17:06:27.330" endtime="20210824 17:06:27.331"/>
</kw>
<msg timestamp="20210824 17:06:27.335" level="FAIL">WebDriverException: Message: 'chromedriver.exe' executable needs to be in PATH. Please see https://sites.google.com/a/chromium.org/chromedriver/home
</msg>
<status status="FAIL" starttime="20210824 17:06:27.327" endtime="20210824 17:06:27.335"/>
</kw>
<kw name="Go To" library="SeleniumLibrary">
<arg>${domain}</arg>
<doc>Navigates the current browser window to the provided ``url``.</doc>
<status status="NOT RUN" starttime="20210824 17:06:27.335" endtime="20210824 17:06:27.336"/>
</kw>
<kw name="Maximize Browser Window" library="SeleniumLibrary">
<doc>Maximizes current browser window.</doc>
<status status="NOT RUN" starttime="20210824 17:06:27.337" endtime="20210824 17:06:27.337"/>
</kw>
<kw name="Set Selenium Implicit Wait" library="SeleniumLibrary">
<arg>5 seconds</arg>
<doc>Sets the implicit wait value used by Selenium.</doc>
<status status="NOT RUN" starttime="20210824 17:06:27.338" endtime="20210824 17:06:27.339"/>
</kw>
<status status="FAIL" starttime="20210824 17:06:27.325" endtime="20210824 17:06:27.340"/>
</kw>
<kw name="Close Browser Window" library="SeleniumKeywords" type="TEARDOWN">
<kw name="Close All Browsers" library="SeleniumLibrary">
<doc>Closes all open browsers and resets the browser cache.</doc>
<status status="PASS" starttime="20210824 17:06:27.343" endtime="20210824 17:06:27.344"/>
</kw>
<status status="PASS" starttime="20210824 17:06:27.341" endtime="20210824 17:06:27.345"/>
</kw>
<status status="FAIL" starttime="20210824 17:06:27.324" endtime="20210824 17:06:27.345">Setup failed:
WebDriverException: Message: 'chromedriver.exe' executable needs to be in PATH. Please see https://sites.google.com/a/chromium.org/chromedriver/home
</status>
</test>
<test id="s1-s1-t7" name="Wrong user empty pass">
<kw name="Start Website and Maximize" library="SeleniumKeywords" type="SETUP">
<kw name="Create Webdriver" library="SeleniumLibrary">
<arg>${Browser}</arg>
<arg>executable_path=${executable_path}</arg>
<doc>Creates an instance of Selenium WebDriver.</doc>
<msg timestamp="20210824 17:06:27.351" level="INFO">Creating an instance of the Chrome WebDriver.</msg>
<kw name="Capture Page Screenshot" library="SeleniumLibrary">
<doc>Takes a screenshot of the current page and embeds it into a log file.</doc>
<msg timestamp="20210824 17:06:27.353" level="INFO">Cannot capture screenshot because no browser is open.</msg>
<status status="PASS" starttime="20210824 17:06:27.353" endtime="20210824 17:06:27.354"/>
</kw>
<msg timestamp="20210824 17:06:27.360" level="FAIL">WebDriverException: Message: 'chromedriver.exe' executable needs to be in PATH. Please see https://sites.google.com/a/chromium.org/chromedriver/home
</msg>
<status status="FAIL" starttime="20210824 17:06:27.348" endtime="20210824 17:06:27.360"/>
</kw>
<kw name="Go To" library="SeleniumLibrary">
<arg>${domain}</arg>
<doc>Navigates the current browser window to the provided ``url``.</doc>
<status status="NOT RUN" starttime="20210824 17:06:27.360" endtime="20210824 17:06:27.361"/>
</kw>
<kw name="Maximize Browser Window" library="SeleniumLibrary">
<doc>Maximizes current browser window.</doc>
<status status="NOT RUN" starttime="20210824 17:06:27.361" endtime="20210824 17:06:27.362"/>
</kw>
<kw name="Set Selenium Implicit Wait" library="SeleniumLibrary">
<arg>5 seconds</arg>
<doc>Sets the implicit wait value used by Selenium.</doc>
<status status="NOT RUN" starttime="20210824 17:06:27.362" endtime="20210824 17:06:27.363"/>
</kw>
<status status="FAIL" starttime="20210824 17:06:27.347" endtime="20210824 17:06:27.364"/>
</kw>
<kw name="Close Browser Window" library="SeleniumKeywords" type="TEARDOWN">
<kw name="Close All Browsers" library="SeleniumLibrary">
<doc>Closes all open browsers and resets the browser cache.</doc>
<status status="PASS" starttime="20210824 17:06:27.366" endtime="20210824 17:06:27.367"/>
</kw>
<status status="PASS" starttime="20210824 17:06:27.364" endtime="20210824 17:06:27.367"/>
</kw>
<status status="FAIL" starttime="20210824 17:06:27.346" endtime="20210824 17:06:27.368">Setup failed:
WebDriverException: Message: 'chromedriver.exe' executable needs to be in PATH. Please see https://sites.google.com/a/chromium.org/chromedriver/home
</status>
</test>
<test id="s1-s1-t8" name="Wrong user wrong pass">
<kw name="Start Website and Maximize" library="SeleniumKeywords" type="SETUP">
<kw name="Create Webdriver" library="SeleniumLibrary">
<arg>${Browser}</arg>
<arg>executable_path=${executable_path}</arg>
<doc>Creates an instance of Selenium WebDriver.</doc>
<msg timestamp="20210824 17:06:27.372" level="INFO">Creating an instance of the Chrome WebDriver.</msg>
<kw name="Capture Page Screenshot" library="SeleniumLibrary">
<doc>Takes a screenshot of the current page and embeds it into a log file.</doc>
<msg timestamp="20210824 17:06:27.375" level="INFO">Cannot capture screenshot because no browser is open.</msg>
<status status="PASS" starttime="20210824 17:06:27.374" endtime="20210824 17:06:27.375"/>
</kw>
<msg timestamp="20210824 17:06:27.379" level="FAIL">WebDriverException: Message: 'chromedriver.exe' executable needs to be in PATH. Please see https://sites.google.com/a/chromium.org/chromedriver/home
</msg>
<status status="FAIL" starttime="20210824 17:06:27.371" endtime="20210824 17:06:27.379"/>
</kw>
<kw name="Go To" library="SeleniumLibrary">
<arg>${domain}</arg>
<doc>Navigates the current browser window to the provided ``url``.</doc>
<status status="NOT RUN" starttime="20210824 17:06:27.379" endtime="20210824 17:06:27.380"/>
</kw>
<kw name="Maximize Browser Window" library="SeleniumLibrary">
<doc>Maximizes current browser window.</doc>
<status status="NOT RUN" starttime="20210824 17:06:27.381" endtime="20210824 17:06:27.382"/>
</kw>
<kw name="Set Selenium Implicit Wait" library="SeleniumLibrary">
<arg>5 seconds</arg>
<doc>Sets the implicit wait value used by Selenium.</doc>
<status status="NOT RUN" starttime="20210824 17:06:27.382" endtime="20210824 17:06:27.383"/>
</kw>
<status status="FAIL" starttime="20210824 17:06:27.369" endtime="20210824 17:06:27.384"/>
</kw>
<kw name="Close Browser Window" library="SeleniumKeywords" type="TEARDOWN">
<kw name="Close All Browsers" library="SeleniumLibrary">
<doc>Closes all open browsers and resets the browser cache.</doc>
<status status="PASS" starttime="20210824 17:06:27.387" endtime="20210824 17:06:27.388"/>
</kw>
<status status="PASS" starttime="20210824 17:06:27.384" endtime="20210824 17:06:27.388"/>
</kw>
<status status="FAIL" starttime="20210824 17:06:27.368" endtime="20210824 17:06:27.388">Setup failed:
WebDriverException: Message: 'chromedriver.exe' executable needs to be in PATH. Please see https://sites.google.com/a/chromium.org/chromedriver/home
</status>
</test>
<status status="FAIL" starttime="20210824 17:06:20.448" endtime="20210824 17:06:27.390"/>
</suite>
<status status="FAIL" starttime="20210824 17:06:20.320" endtime="20210824 17:06:27.393"/>
</suite>
<statistics>
<total>
<stat pass="0" fail="8" skip="0">All Tests</stat>
</total>
<tag>
</tag>
<suite>
<stat pass="0" fail="8" skip="0" id="s1" name="WebTestCases">WebTestCases</stat>
<stat pass="0" fail="8" skip="0" id="s1-s1" name="TC 001 Invalid login">WebTestCases.TC 001 Invalid login</stat>
</suite>
</statistics>
<errors>
</errors>
</robot>
