<?xml version="1.0" encoding="UTF-8"?>
<robot generator="Robot 4.0.3 (Python 3.9.5 on win32)" generated="20210824 17:06:19.573" rpa="false" schemaversion="2">
<suite id="s1" name="WebTestCases" source="C:\Users\843974\PycharmProjects\PyRobot\TestCases\WebTestCases">
<suite id="s1-s1" name="TC 002 allure report" source="C:\Users\843974\PycharmProjects\PyRobot\TestCases\WebTestCases\TC_002_allure_report.robot">
<test id="s1-s1-t1" name="Testing Login using multiple data 1">
<kw name="Start Website and Maximize" library="SeleniumKeywords" type="SETUP">
<kw name="Create Webdriver" library="SeleniumLibrary">
<arg>${Browser}</arg>
<arg>executable_path=${executable_path}</arg>
<doc>Creates an instance of Selenium WebDriver.</doc>
<msg timestamp="20210824 17:06:26.599" level="INFO">Creating an instance of the Chrome WebDriver.</msg>
<kw name="Capture Page Screenshot" library="SeleniumLibrary">
<doc>Takes a screenshot of the current page and embeds it into a log file.</doc>
<msg timestamp="20210824 17:06:26.847" level="INFO">Cannot capture screenshot because no browser is open.</msg>
<status status="PASS" starttime="20210824 17:06:26.846" endtime="20210824 17:06:26.847"/>
</kw>
<msg timestamp="20210824 17:06:26.859" level="FAIL">WebDriverException: Message: 'chromedriver.exe' executable needs to be in PATH. Please see https://sites.google.com/a/chromium.org/chromedriver/home
</msg>
<status status="FAIL" starttime="20210824 17:06:26.598" endtime="20210824 17:06:26.859"/>
</kw>
<kw name="Go To" library="SeleniumLibrary">
<arg>${domain}</arg>
<doc>Navigates the current browser window to the provided ``url``.</doc>
<status status="NOT RUN" starttime="20210824 17:06:26.859" endtime="20210824 17:06:26.860"/>
</kw>
<kw name="Maximize Browser Window" library="SeleniumLibrary">
<doc>Maximizes current browser window.</doc>
<status status="NOT RUN" starttime="20210824 17:06:26.861" endtime="20210824 17:06:26.861"/>
</kw>
<kw name="Set Selenium Implicit Wait" library="SeleniumLibrary">
<arg>5 seconds</arg>
<doc>Sets the implicit wait value used by Selenium.</doc>
<status status="NOT RUN" starttime="20210824 17:06:26.862" endtime="20210824 17:06:26.862"/>
</kw>
<status status="FAIL" starttime="20210824 17:06:26.596" endtime="20210824 17:06:26.863"/>
</kw>
<kw name="Close Browser Window" library="SeleniumKeywords" type="TEARDOWN">
<kw name="Close All Browsers" library="SeleniumLibrary">
<doc>Closes all open browsers and resets the browser cache.</doc>
<status status="PASS" starttime="20210824 17:06:26.865" endtime="20210824 17:06:26.866"/>
</kw>
<status status="PASS" starttime="20210824 17:06:26.864" endtime="20210824 17:06:26.867"/>
</kw>
<status status="FAIL" starttime="20210824 17:06:26.594" endtime="20210824 17:06:26.867">Setup failed:
WebDriverException: Message: 'chromedriver.exe' executable needs to be in PATH. Please see https://sites.google.com/a/chromium.org/chromedriver/home
</status>
</test>
<test id="s1-s1-t2" name="Testing Login using multiple data 2">
<kw name="Start Website and Maximize" library="SeleniumKeywords" type="SETUP">
<kw name="Create Webdriver" library="SeleniumLibrary">
<arg>${Browser}</arg>
<arg>executable_path=${executable_path}</arg>
<doc>Creates an instance of Selenium WebDriver.</doc>
<msg timestamp="20210824 17:06:26.876" level="INFO">Creating an instance of the Chrome WebDriver.</msg>
<kw name="Capture Page Screenshot" library="SeleniumLibrary">
<doc>Takes a screenshot of the current page and embeds it into a log file.</doc>
<msg timestamp="20210824 17:06:26.878" level="INFO">Cannot capture screenshot because no browser is open.</msg>
<status status="PASS" starttime="20210824 17:06:26.878" endtime="20210824 17:06:26.878"/>
</kw>
<msg timestamp="20210824 17:06:26.883" level="FAIL">WebDriverException: Message: 'chromedriver.exe' executable needs to be in PATH. Please see https://sites.google.com/a/chromium.org/chromedriver/home
</msg>
<status status="FAIL" starttime="20210824 17:06:26.874" endtime="20210824 17:06:26.884"/>
</kw>
<kw name="Go To" library="SeleniumLibrary">
<arg>${domain}</arg>
<doc>Navigates the current browser window to the provided ``url``.</doc>
<status status="NOT RUN" starttime="20210824 17:06:26.884" endtime="20210824 17:06:26.885"/>
</kw>
<kw name="Maximize Browser Window" library="SeleniumLibrary">
<doc>Maximizes current browser window.</doc>
<status status="NOT RUN" starttime="20210824 17:06:26.885" endtime="20210824 17:06:26.886"/>
</kw>
<kw name="Set Selenium Implicit Wait" library="SeleniumLibrary">
<arg>5 seconds</arg>
<doc>Sets the implicit wait value used by Selenium.</doc>
<status status="NOT RUN" starttime="20210824 17:06:26.886" endtime="20210824 17:06:26.887"/>
</kw>
<status status="FAIL" starttime="20210824 17:06:26.873" endtime="20210824 17:06:26.887"/>
</kw>
<kw name="Close Browser Window" library="SeleniumKeywords" type="TEARDOWN">
<kw name="Close All Browsers" library="SeleniumLibrary">
<doc>Closes all open browsers and resets the browser cache.</doc>
<status status="PASS" starttime="20210824 17:06:26.890" endtime="20210824 17:06:26.891"/>
</kw>
<status status="PASS" starttime="20210824 17:06:26.888" endtime="20210824 17:06:26.892"/>
</kw>
<status status="FAIL" starttime="20210824 17:06:26.871" endtime="20210824 17:06:26.893">Setup failed:
WebDriverException: Message: 'chromedriver.exe' executable needs to be in PATH. Please see https://sites.google.com/a/chromium.org/chromedriver/home
</status>
</test>
<status status="FAIL" starttime="20210824 17:06:20.076" endtime="20210824 17:06:26.894"/>
</suite>
<status status="FAIL" starttime="20210824 17:06:19.946" endtime="20210824 17:06:26.898"/>
</suite>
<statistics>
<total>
<stat pass="0" fail="2" skip="0">All Tests</stat>
</total>
<tag>
</tag>
<suite>
<stat pass="0" fail="2" skip="0" id="s1" name="WebTestCases">WebTestCases</stat>
<stat pass="0" fail="2" skip="0" id="s1-s1" name="TC 002 allure report">WebTestCases.TC 002 allure report</stat>
</suite>
</statistics>
<errors>
</errors>
</robot>
