<?xml version="1.0" encoding="UTF-8"?>
<robot generator="Robot 4.0.3 (Python 3.9.5 on win32)" generated="20210824 17:06:19.591" rpa="false" schemaversion="2">
<suite id="s1" name="WebTestCases" source="C:\Users\843974\PycharmProjects\PyRobot\TestCases\WebTestCases">
<suite id="s1-s1" name="TC 013 DataDriven" source="C:\Users\843974\PycharmProjects\PyRobot\TestCases\WebTestCases\TC_013_DataDriven.robot">
<test id="s1-s1-t1" name="Login Logout Functionality">
<kw name="Open Browser" library="SeleniumLibrary">
<arg>${URL}</arg>
<arg>${Browser}</arg>
<arg>executable_path=${path}</arg>
<doc>Opens a new browser instance to the optional ``url``.</doc>
<msg timestamp="20210824 17:06:35.466" level="INFO">Opening browser 'Chrome' to base url 'https://thetestingworld.com/'.</msg>
<kw name="Capture Page Screenshot" library="SeleniumLibrary">
<doc>Takes a screenshot of the current page and embeds it into a log file.</doc>
<msg timestamp="20210824 17:06:35.470" level="INFO">Cannot capture screenshot because no browser is open.</msg>
<status status="PASS" starttime="20210824 17:06:35.469" endtime="20210824 17:06:35.470"/>
</kw>
<msg timestamp="20210824 17:06:35.517" level="FAIL">WebDriverException: Message: 'chromedriver.exe' executable needs to be in PATH. Please see https://sites.google.com/a/chromium.org/chromedriver/home
</msg>
<status status="FAIL" starttime="20210824 17:06:35.454" endtime="20210824 17:06:35.517"/>
</kw>
<kw name="Maximize Browser Window" library="SeleniumLibrary">
<doc>Maximizes current browser window.</doc>
<status status="NOT RUN" starttime="20210824 17:06:35.518" endtime="20210824 17:06:35.518"/>
</kw>
<kw name="Click Element" library="SeleniumLibrary">
<arg>xpath://a[text()='Login']</arg>
<doc>Click the element identified by ``locator``.</doc>
<status status="NOT RUN" starttime="20210824 17:06:35.519" endtime="20210824 17:06:35.519"/>
</kw>
<kw name="Read Number of Rows" library="SeleniumEasySteps">
<var>${rows}</var>
<arg>Sheet1</arg>
<status status="NOT RUN" starttime="20210824 17:06:35.520" endtime="20210824 17:06:35.521"/>
</kw>
<for flavor="IN RANGE">
<var>${i}</var>
<value>1</value>
<value>${rows}+1</value>
<iter>
<var name="${i}">${i}</var>
<kw name="Read Excel Data of Cell" library="SeleniumEasySteps">
<var>${username}</var>
<arg>Sheet1</arg>
<arg>${i}</arg>
<arg>1</arg>
<status status="NOT RUN" starttime="20210824 17:06:35.523" endtime="20210824 17:06:35.524"/>
</kw>
<kw name="Read Excel Data of Cell" library="SeleniumEasySteps">
<var>${password}</var>
<arg>Sheet1</arg>
<arg>${i}</arg>
<arg>2</arg>
<status status="NOT RUN" starttime="20210824 17:06:35.524" endtime="20210824 17:06:35.525"/>
</kw>
<kw name="Input Text" library="SeleniumLibrary">
<arg>id:username</arg>
<arg>${username}</arg>
<doc>Types the given ``text`` into the text field identified by ``locator``.</doc>
<status status="NOT RUN" starttime="20210824 17:06:35.525" endtime="20210824 17:06:35.526"/>
</kw>
<kw name="Input Text" library="SeleniumLibrary">
<arg>id:password</arg>
<arg>${password}</arg>
<doc>Types the given ``text`` into the text field identified by ``locator``.</doc>
<status status="NOT RUN" starttime="20210824 17:06:35.527" endtime="20210824 17:06:35.527"/>
</kw>
<kw name="Click Button" library="SeleniumLibrary">
<arg>xpath://button[@type='submit']</arg>
<doc>Clicks the button identified by ``locator``.</doc>
<status status="NOT RUN" starttime="20210824 17:06:35.528" endtime="20210824 17:06:35.528"/>
</kw>
<kw name="Close All Browsers" library="SeleniumLibrary">
<doc>Closes all open browsers and resets the browser cache.</doc>
<status status="NOT RUN" starttime="20210824 17:06:35.529" endtime="20210824 17:06:35.530"/>
</kw>
<kw name="Sleep" library="BuiltIn">
<arg>3 seconds</arg>
<doc>Pauses the test executed for the given time.</doc>
<status status="NOT RUN" starttime="20210824 17:06:35.531" endtime="20210824 17:06:35.532"/>
</kw>
<status status="NOT RUN" starttime="20210824 17:06:35.522" endtime="20210824 17:06:35.532"/>
</iter>
<status status="NOT RUN" starttime="20210824 17:06:35.521" endtime="20210824 17:06:35.532"/>
</for>
<status status="FAIL" starttime="20210824 17:06:35.452" endtime="20210824 17:06:35.533">WebDriverException: Message: 'chromedriver.exe' executable needs to be in PATH. Please see https://sites.google.com/a/chromium.org/chromedriver/home
</status>
</test>
<status status="FAIL" starttime="20210824 17:06:20.084" endtime="20210824 17:06:35.538"/>
</suite>
<status status="FAIL" starttime="20210824 17:06:19.958" endtime="20210824 17:06:35.540"/>
</suite>
<statistics>
<total>
<stat pass="0" fail="1" skip="0">All Tests</stat>
</total>
<tag>
</tag>
<suite>
<stat pass="0" fail="1" skip="0" id="s1" name="WebTestCases">WebTestCases</stat>
<stat pass="0" fail="1" skip="0" id="s1-s1" name="TC 013 DataDriven">WebTestCases.TC 013 DataDriven</stat>
</suite>
</statistics>
<errors>
<msg timestamp="20210824 17:06:35.390" level="ERROR">Error in file 'C:\Users\843974\PycharmProjects\PyRobot\Business_Components\Web_Components\SeleniumEasySteps.robot' on line 3: Importing library 'C:\Users\843974\PycharmProjects\PyRobot\FrameworkLibraries\ReadData.py' failed: FileNotFoundError: [Errno 2] No such file or directory: '../TestData/TestData.xlsx'
Traceback (most recent call last):
  File "C:\Users\843974\PycharmProjects\PyRobot\FrameworkLibraries\ReadData.py", line 4, in &lt;module&gt;
    Workbook = openpyxl.load_workbook("../TestData/TestData.xlsx")
  File "c:\users\843974\appdata\local\programs\python\python39\lib\site-packages\openpyxl\reader\excel.py", line 315, in load_workbook
    reader = ExcelReader(filename, read_only, keep_vba,
  File "c:\users\843974\appdata\local\programs\python\python39\lib\site-packages\openpyxl\reader\excel.py", line 124, in __init__
    self.archive = _validate_archive(fn)
  File "c:\users\843974\appdata\local\programs\python\python39\lib\site-packages\openpyxl\reader\excel.py", line 96, in _validate_archive
    archive = ZipFile(filename, 'r')
  File "c:\users\843974\appdata\local\programs\python\python39\lib\zipfile.py", line 1239, in __init__
    self.fp = io.open(file, filemode)
PYTHONPATH:
  C:\Users\843974\AppData\Local\Programs\Python\Python39\Scripts\robot.exe
  C:\Users\843974\PycharmProjects\PyRobot\TestCases
  c:\users\843974\appdata\local\programs\python\python39\python39.zip
  c:\users\843974\appdata\local\programs\python\python39\DLLs
  c:\users\843974\appdata\local\programs\python\python39\lib
  c:\users\843974\appdata\local\programs\python\python39
  c:\users\843974\appdata\local\programs\python\python39\lib\site-packages</msg>
</errors>
</robot>
